0 info it worked if it ends with ok
1 verbose cli [ '/Users/atifmehmood/.nvm/versions/node/v6.9.5/bin/node',
1 verbose cli   '/Users/atifmehmood/.nvm/versions/node/v6.9.5/bin/npm',
1 verbose cli   'start' ]
2 info using npm@3.10.10
3 info using node@v6.9.5
4 verbose run-script [ 'prestart', 'start', 'poststart' ]
5 info lifecycle reservation-calendar@1.0.0~prestart: reservation-calendar@1.0.0
6 verbose lifecycle reservation-calendar@1.0.0~prestart: unsafe-perm in lifecycle true
7 verbose lifecycle reservation-calendar@1.0.0~prestart: PATH: /Users/atifmehmood/.nvm/versions/node/v6.9.5/lib/node_modules/npm/bin/node-gyp-bin:/Users/atifmehmood/Documents/GitHub/safe-safar/Frontend/node_modules/.bin:/Users/atifmehmood/.nvm/versions/node/v6.9.5/bin:/usr/local/bin:/usr/bin:/bin:/usr/sbin:/sbin
8 verbose lifecycle reservation-calendar@1.0.0~prestart: CWD: /Users/atifmehmood/Documents/GitHub/safe-safar/Frontend
9 silly lifecycle reservation-calendar@1.0.0~prestart: Args: [ '-c', 'npm install' ]
10 silly lifecycle reservation-calendar@1.0.0~prestart: Returned: code: 0  signal: null
11 info lifecycle reservation-calendar@1.0.0~start: reservation-calendar@1.0.0
12 verbose lifecycle reservation-calendar@1.0.0~start: unsafe-perm in lifecycle true
13 verbose lifecycle reservation-calendar@1.0.0~start: PATH: /Users/atifmehmood/.nvm/versions/node/v6.9.5/lib/node_modules/npm/bin/node-gyp-bin:/Users/atifmehmood/Documents/GitHub/safe-safar/Frontend/node_modules/.bin:/Users/atifmehmood/.nvm/versions/node/v6.9.5/bin:/usr/local/bin:/usr/bin:/bin:/usr/sbin:/sbin
14 verbose lifecycle reservation-calendar@1.0.0~start: CWD: /Users/atifmehmood/Documents/GitHub/safe-safar/Frontend
15 silly lifecycle reservation-calendar@1.0.0~start: Args: [ '-c', 'http-server ./app -p 8000 -c-1 -o ' ]
16 silly lifecycle reservation-calendar@1.0.0~start: Returned: code: 1  signal: null
17 info lifecycle reservation-calendar@1.0.0~start: Failed to exec start script
18 verbose stack Error: reservation-calendar@1.0.0 start: `http-server ./app -p 8000 -c-1 -o `
18 verbose stack Exit status 1
18 verbose stack     at EventEmitter.<anonymous> (/Users/atifmehmood/.nvm/versions/node/v6.9.5/lib/node_modules/npm/lib/utils/lifecycle.js:255:16)
18 verbose stack     at emitTwo (events.js:106:13)
18 verbose stack     at EventEmitter.emit (events.js:191:7)
18 verbose stack     at ChildProcess.<anonymous> (/Users/atifmehmood/.nvm/versions/node/v6.9.5/lib/node_modules/npm/lib/utils/spawn.js:40:14)
18 verbose stack     at emitTwo (events.js:106:13)
18 verbose stack     at ChildProcess.emit (events.js:191:7)
18 verbose stack     at maybeClose (internal/child_process.js:877:16)
18 verbose stack     at Process.ChildProcess._handle.onexit (internal/child_process.js:226:5)
19 verbose pkgid reservation-calendar@1.0.0
20 verbose cwd /Users/atifmehmood/Documents/GitHub/safe-safar/Frontend
21 error Darwin 19.6.0
22 error argv "/Users/atifmehmood/.nvm/versions/node/v6.9.5/bin/node" "/Users/atifmehmood/.nvm/versions/node/v6.9.5/bin/npm" "start"
23 error node v6.9.5
24 error npm  v3.10.10
25 error code ELIFECYCLE
26 error reservation-calendar@1.0.0 start: `http-server ./app -p 8000 -c-1 -o `
26 error Exit status 1
27 error Failed at the reservation-calendar@1.0.0 start script 'http-server ./app -p 8000 -c-1 -o '.
27 error Make sure you have the latest version of node.js and npm installed.
27 error If you do, this is most likely a problem with the reservation-calendar package,
27 error not with npm itself.
27 error Tell the author that this fails on your system:
27 error     http-server ./app -p 8000 -c-1 -o
27 error You can get information on how to open an issue for this project with:
27 error     npm bugs reservation-calendar
27 error Or if that isn't available, you can get their info via:
27 error     npm owner ls reservation-calendar
27 error There is likely additional logging output above.
28 verbose exit [ 1, true ]
